Using pre-set license
Built from '2020.3/staging' branch; Version is '2020.3.40f1 (ba48d4efcef1) revision 12208340'; Using compiler version '192528614'; Build Type 'Release'
OS: 'Windows 10  (10.0.18363) 64bit Professional' Language: 'en' Physical Memory: 10080 MB
BatchMode: 1, IsHumanControllingUs: 0, StartBugReporterOnCrash: 0, Is64bit: 1, IsPro: 0

COMMAND LINE ARGUMENTS:
C:\Program Files\Unity 2020.3.40f1\Editor\Unity.exe
-adb2
-batchMode
-noUpm
-name
AssetImportWorker0
-projectPath
C:/Users/acer/Documents/Unity project/Ramadhan Adventure
-logFile
Logs/AssetImportWorker0.log
-srvPort
50559
Successfully changed project path to: C:/Users/acer/Documents/Unity project/Ramadhan Adventure
C:/Users/acer/Documents/Unity project/Ramadhan Adventure
Using Asset Import Pipeline V2.
Refreshing native plugins compatible for Editor in 826.59 ms, found 3 plugins.
Preloading 0 native plugins for Editor in 0.00 ms.
Initialize engine version: 2020.3.40f1 (ba48d4efcef1)
[Subsystems] Discovering subsystems at path C:/Program Files/Unity 2020.3.40f1/Editor/Data/Resources/UnitySubsystems
[Subsystems] Discovering subsystems at path C:/Users/acer/Documents/Unity project/Ramadhan Adventure/Assets
GfxDevice: creating device client; threaded=0
Direct3D:
    Version:  Direct3D 11.0 [level 11.0]
    Renderer: NVIDIA GeForce GT 540M (ID=0xdf4)
    Vendor:   
    VRAM:     1970 MB
    Driver:   23.21.13.9135
Initialize mono
Mono path[0] = 'C:/Program Files/Unity 2020.3.40f1/Editor/Data/Managed'
Mono path[1] = 'C:/Program Files/Unity 2020.3.40f1/Editor/Data/MonoBleedingEdge/lib/mono/unityjit'
Mono config path = 'C:/Program Files/Unity 2020.3.40f1/Editor/Data/MonoBleedingEdge/etc'
Using monoOptions --debugger-agent=transport=dt_socket,embedding=1,server=y,suspend=n,address=127.0.0.1:56544
Begin MonoManager ReloadAssembly
Registering precompiled unity dll's ...
Register platform support module: C:/Program Files/Unity 2020.3.40f1/Editor/Data/PlaybackEngines/WebGLSupport/UnityEditor.WebGL.Extensions.dll
Register platform support module: C:/Program Files/Unity 2020.3.40f1/Editor/Data/PlaybackEngines/WindowsStandaloneSupport/UnityEditor.WindowsStandalone.Extensions.dll
Registered in 0.004222 seconds.
Native extension for WindowsStandalone target not found
Native extension for WebGL target not found
Refreshing native plugins compatible for Editor in 173.45 ms, found 3 plugins.
Preloading 0 native plugins for Editor in 0.00 ms.
Mono: successfully reloaded assembly
- Completed reload, in  1.587 seconds
Domain Reload Profiling:
	ReloadAssembly (1587ms)
		BeginReloadAssembly (188ms)
			ExecutionOrderSort (0ms)
			DisableScriptedObjects (0ms)
			BackupInstance (0ms)
			ReleaseScriptingObjects (0ms)
			CreateAndSetChildDomain (2ms)
		EndReloadAssembly (1229ms)
			LoadAssemblies (183ms)
			RebuildTransferFunctionScriptingTraits (0ms)
			SetupTypeCache (410ms)
			ReleaseScriptCaches (0ms)
			RebuildScriptCaches (75ms)
			SetupLoadedEditorAssemblies (477ms)
				LogAssemblyErrors (0ms)
				InitializePlatformSupportModulesInManaged (12ms)
				SetLoadedEditorAssemblies (0ms)
				RefreshPlugins (174ms)
				BeforeProcessingInitializeOnLoad (34ms)
				ProcessInitializeOnLoadAttributes (183ms)
				ProcessInitializeOnLoadMethodAttributes (73ms)
				AfterProcessingInitializeOnLoad (0ms)
				EditorAssembliesLoaded (1ms)
			ExecutionOrderSort2 (0ms)
			AwakeInstancesAfterBackupRestoration (0ms)
Platform modules already initialized, skipping
Registering precompiled user dll's ...
Registered in 0.009965 seconds.
Begin MonoManager ReloadAssembly
Native extension for WindowsStandalone target not found
Native extension for WebGL target not found
Refreshing native plugins compatible for Editor in 157.31 ms, found 3 plugins.
Preloading 0 native plugins for Editor in 0.00 ms.
Mono: successfully reloaded assembly
- Completed reload, in  4.960 seconds
Domain Reload Profiling:
	ReloadAssembly (4965ms)
		BeginReloadAssembly (1072ms)
			ExecutionOrderSort (0ms)
			DisableScriptedObjects (33ms)
			BackupInstance (0ms)
			ReleaseScriptingObjects (0ms)
			CreateAndSetChildDomain (89ms)
		EndReloadAssembly (3410ms)
			LoadAssemblies (816ms)
			RebuildTransferFunctionScriptingTraits (0ms)
			SetupTypeCache (1270ms)
			ReleaseScriptCaches (1ms)
			RebuildScriptCaches (194ms)
			SetupLoadedEditorAssemblies (1006ms)
				LogAssemblyErrors (0ms)
				InitializePlatformSupportModulesInManaged (9ms)
				SetLoadedEditorAssemblies (0ms)
				RefreshPlugins (157ms)
				BeforeProcessingInitializeOnLoad (277ms)
				ProcessInitializeOnLoadAttributes (502ms)
				ProcessInitializeOnLoadMethodAttributes (46ms)
				AfterProcessingInitializeOnLoad (13ms)
				EditorAssembliesLoaded (0ms)
			ExecutionOrderSort2 (0ms)
			AwakeInstancesAfterBackupRestoration (5ms)
Platform modules already initialized, skipping
========================================================================
Worker process is ready to serve import requests
Launched and connected shader compiler UnityShaderCompiler.exe after 0.09 seconds
Refreshing native plugins compatible for Editor in 1.34 ms, found 3 plugins.
Preloading 0 native plugins for Editor in 0.00 ms.
Unloading 3455 Unused Serialized files (Serialized files now loaded: 0)
System memory in use before: 145.2 MB.
System memory in use after: 145.3 MB.

Unloading 32 unused Assets to reduce memory usage. Loaded Objects now: 3886.
Total: 6.600800 ms (FindLiveObjects: 0.387300 ms CreateObjectMapping: 0.226800 ms MarkObjects: 5.720300 ms  DeleteObjects: 0.263900 ms)

AssetImportParameters requested are different than current active one (requested -> active):
  custom:framework-win-MediaFoundation: 216162199b28c13a410421893ffa2e32 -> 
  custom:video-decoder-ogg-theora: a1e56fd34408186e4bbccfd4996cb3dc -> 
  custom:container-muxer-webm: aa71ff27fc2769a1b78a27578f13a17b -> 
  custom:container-demuxer-webm: 4f35f7cbe854078d1ac9338744f61a02 -> 
  custom:container-demuxer-ogg: 62fdf1f143b41e24485cea50d1cbac27 -> 
  custom:video-encoder-webm-vp8: eb34c28f22e8b96e1ab97ce403110664 -> 
  custom:video-decoder-webm-vp8: 9c59270c3fd7afecdb556c50c9e8de78 -> 
  custom:audio-decoder-ogg-vorbis: bf7c407c2cedff20999df2af8eb42d56 -> 
  custom:audio-encoder-webm-vorbis: bf7c407c2cedff20999df2af8eb42d56 -> 
========================================================================
Received Import Request.
  path: Assets/Ch09_nonPBR.fbx
  artifactKey: Guid(e8cc2a4eb856fe541ae44fb3c999c366) Importer(815301076,1909f56bfc062723c751e8b465ee728b)
Start importing Assets/Ch09_nonPBR.fbx using Guid(e8cc2a4eb856fe541ae44fb3c999c366) Importer(815301076,1909f56bfc062723c751e8b465ee728b)  -> (artifact id: 'bed3e373e9596ebb17c8bbc929a4e008') in 0.735511 seconds 
========================================================================
Received Import Request.
  Time since last request: 0.000403 seconds.
  path: Assets/Ch09_nonPBR@Lifting.fbx
  artifactKey: Guid(7da09adc2f3156c4393a4c7f1f87de34) Importer(815301076,1909f56bfc062723c751e8b465ee728b)
Start importing Assets/Ch09_nonPBR@Lifting.fbx using Guid(7da09adc2f3156c4393a4c7f1f87de34) Importer(815301076,1909f56bfc062723c751e8b465ee728b)  -> (artifact id: 'cecf348a9fa352199489a6c0a158b71d') in 0.023051 seconds 
========================================================================
Received Import Request.
  Time since last request: 1146.542559 seconds.
  path: Assets/Ch09_nonPBR.fbx
  artifactKey: Guid(e8cc2a4eb856fe541ae44fb3c999c366) Importer(815301076,1909f56bfc062723c751e8b465ee728b)
Start importing Assets/Ch09_nonPBR.fbx using Guid(e8cc2a4eb856fe541ae44fb3c999c366) Importer(815301076,1909f56bfc062723c751e8b465ee728b)  -> (artifact id: 'e3232c97fb588ad68bf98f11c08c756c') in 0.285758 seconds 
========================================================================
Received Import Request.
  Time since last request: 0.000422 seconds.
  path: Assets/Ch09_nonPBR@Jumping.fbx
  artifactKey: Guid(d074e18a7ac972947b6e96d7cad61596) Importer(815301076,1909f56bfc062723c751e8b465ee728b)
Start importing Assets/Ch09_nonPBR@Jumping.fbx using Guid(d074e18a7ac972947b6e96d7cad61596) Importer(815301076,1909f56bfc062723c751e8b465ee728b)  -> (artifact id: 'd8a2514c60289b3f23469a31666e43bc') in 0.024007 seconds 
========================================================================
Received Import Request.
  Time since last request: 55.442330 seconds.
  path: Assets/Ch09_nonPBR@Jumping.fbx
  artifactKey: Guid(d074e18a7ac972947b6e96d7cad61596) Importer(815301076,1909f56bfc062723c751e8b465ee728b)
Start importing Assets/Ch09_nonPBR@Jumping.fbx using Guid(d074e18a7ac972947b6e96d7cad61596) Importer(815301076,1909f56bfc062723c751e8b465ee728b)  -> (artifact id: '7b72bfd9584337f304de514545a7bef6') in 0.016406 seconds 
========================================================================
Received Import Request.
  Time since last request: 10.218027 seconds.
  path: Assets/Ch09_nonPBR@Jumping.fbx
  artifactKey: Guid(d074e18a7ac972947b6e96d7cad61596) Importer(815301076,1909f56bfc062723c751e8b465ee728b)
Start importing Assets/Ch09_nonPBR@Jumping.fbx using Guid(d074e18a7ac972947b6e96d7cad61596) Importer(815301076,1909f56bfc062723c751e8b465ee728b)  -> (artifact id: '63289d99bc13d02d57aa8115baf8704a') in 0.016427 seconds 
========================================================================
Received Import Request.
  Time since last request: 23.443432 seconds.
  path: Assets/Ch09_nonPBR@Jumping.fbx
  artifactKey: Guid(d074e18a7ac972947b6e96d7cad61596) Importer(815301076,1909f56bfc062723c751e8b465ee728b)
Start importing Assets/Ch09_nonPBR@Jumping.fbx using Guid(d074e18a7ac972947b6e96d7cad61596) Importer(815301076,1909f56bfc062723c751e8b465ee728b)  -> (artifact id: '76f4cb6332b004490a892f0e1d046b5f') in 0.018270 seconds 
========================================================================
Received Prepare
Registering precompiled user dll's ...
Registered in 0.027951 seconds.
Begin MonoManager ReloadAssembly
Native extension for WindowsStandalone target not found
Native extension for WebGL target not found
Refreshing native plugins compatible for Editor in 4.28 ms, found 3 plugins.
Preloading 0 native plugins for Editor in 0.00 ms.
Mono: successfully reloaded assembly
- Completed reload, in  8.570 seconds
Domain Reload Profiling:
	ReloadAssembly (8573ms)
		BeginReloadAssembly (842ms)
			ExecutionOrderSort (0ms)
			DisableScriptedObjects (52ms)
			BackupInstance (0ms)
			ReleaseScriptingObjects (1ms)
			CreateAndSetChildDomain (249ms)
		EndReloadAssembly (7275ms)
			LoadAssemblies (809ms)
			RebuildTransferFunctionScriptingTraits (0ms)
			SetupTypeCache (2610ms)
			ReleaseScriptCaches (9ms)
			RebuildScriptCaches (405ms)
			SetupLoadedEditorAssemblies (2650ms)
				LogAssemblyErrors (0ms)
				InitializePlatformSupportModulesInManaged (38ms)
				SetLoadedEditorAssemblies (3ms)
				RefreshPlugins (5ms)
				BeforeProcessingInitializeOnLoad (770ms)
				ProcessInitializeOnLoadAttributes (1679ms)
				ProcessInitializeOnLoadMethodAttributes (115ms)
				AfterProcessingInitializeOnLoad (40ms)
				EditorAssembliesLoaded (1ms)
			ExecutionOrderSort2 (0ms)
			AwakeInstancesAfterBackupRestoration (33ms)
Platform modules already initialized, skipping
Switching build target platform(19) subTarget(0) extendedPlatform(0) -> platform(13) subTarget(537395200) extendedPlatform(0)
Refreshing native plugins compatible for Editor in 4.29 ms, found 3 plugins.
Preloading 0 native plugins for Editor in 0.00 ms.
Unloading 3396 Unused Serialized files (Serialized files now loaded: 0)
System memory in use before: 142.7 MB.
System memory in use after: 142.8 MB.

Unloading 21 unused Assets to reduce memory usage. Loaded Objects now: 3900.
Total: 19.626400 ms (FindLiveObjects: 1.462200 ms CreateObjectMapping: 0.804000 ms MarkObjects: 16.837300 ms  DeleteObjects: 0.510000 ms)

AssetImportParameters requested are different than current active one (requested -> active):
  custom:framework-win-MediaFoundation: 216162199b28c13a410421893ffa2e32 -> 
  custom:video-decoder-ogg-theora: a1e56fd34408186e4bbccfd4996cb3dc -> 
  custom:container-muxer-webm: aa71ff27fc2769a1b78a27578f13a17b -> 
  custom:container-demuxer-webm: 4f35f7cbe854078d1ac9338744f61a02 -> 
  custom:container-demuxer-ogg: 62fdf1f143b41e24485cea50d1cbac27 -> 
  custom:video-encoder-webm-vp8: eb34c28f22e8b96e1ab97ce403110664 -> 
  custom:video-decoder-webm-vp8: 9c59270c3fd7afecdb556c50c9e8de78 -> 
  custom:graphics/normal-map-encoding: 01000000000000000000000000000000 -> 02000000000000000000000000000000
  custom:audio-decoder-ogg-vorbis: bf7c407c2cedff20999df2af8eb42d56 -> 
  custom:audio-encoder-webm-vorbis: bf7c407c2cedff20999df2af8eb42d56 -> 
========================================================================
Received Import Request.
  Time since last request: 761.319429 seconds.
  path: Assets/Ch09_nonPBR.fbx
  artifactKey: Guid(e8cc2a4eb856fe541ae44fb3c999c366) Importer(815301076,1909f56bfc062723c751e8b465ee728b)
Start importing Assets/Ch09_nonPBR.fbx using Guid(e8cc2a4eb856fe541ae44fb3c999c366) Importer(815301076,1909f56bfc062723c751e8b465ee728b)  -> (artifact id: '2ed28ef8fccdd43285208bce9c253d6b') in 1.160010 seconds 
========================================================================
Received Import Request.
  Time since last request: 0.000988 seconds.
  path: Assets/Ch09_nonPBR@Falling Idle.fbx
  artifactKey: Guid(0656db781510a9341a45c1f1049c780c) Importer(815301076,1909f56bfc062723c751e8b465ee728b)
Start importing Assets/Ch09_nonPBR@Falling Idle.fbx using Guid(0656db781510a9341a45c1f1049c780c) Importer(815301076,1909f56bfc062723c751e8b465ee728b)  -> (artifact id: '75619b2f3b5e800ea94616e8c2dd2335') in 0.072825 seconds 
========================================================================
Received Prepare
Registering precompiled user dll's ...
Registered in 0.011123 seconds.
Begin MonoManager ReloadAssembly
Native extension for WindowsStandalone target not found
Native extension for WebGL target not found
Refreshing native plugins compatible for Editor in 1.34 ms, found 3 plugins.
Preloading 0 native plugins for Editor in 0.00 ms.
Mono: successfully reloaded assembly
- Completed reload, in  4.084 seconds
Domain Reload Profiling:
	ReloadAssembly (4085ms)
		BeginReloadAssembly (355ms)
			ExecutionOrderSort (0ms)
			DisableScriptedObjects (23ms)
			BackupInstance (0ms)
			ReleaseScriptingObjects (0ms)
			CreateAndSetChildDomain (104ms)
		EndReloadAssembly (3552ms)
			LoadAssemblies (348ms)
			RebuildTransferFunctionScriptingTraits (0ms)
			SetupTypeCache (990ms)
			ReleaseScriptCaches (2ms)
			RebuildScriptCaches (163ms)
			SetupLoadedEditorAssemblies (1596ms)
				LogAssemblyErrors (0ms)
				InitializePlatformSupportModulesInManaged (16ms)
				SetLoadedEditorAssemblies (1ms)
				RefreshPlugins (1ms)
				BeforeProcessingInitializeOnLoad (320ms)
				ProcessInitializeOnLoadAttributes (1088ms)
				ProcessInitializeOnLoadMethodAttributes (122ms)
				AfterProcessingInitializeOnLoad (46ms)
				EditorAssembliesLoaded (1ms)
			ExecutionOrderSort2 (0ms)
			AwakeInstancesAfterBackupRestoration (29ms)
Platform modules already initialized, skipping
Switching build target platform(19) subTarget(0) extendedPlatform(0) -> platform(13) subTarget(537395200) extendedPlatform(0)
Refreshing native plugins compatible for Editor in 3.22 ms, found 3 plugins.
Preloading 0 native plugins for Editor in 0.00 ms.
Unloading 3396 Unused Serialized files (Serialized files now loaded: 0)
System memory in use before: 142.8 MB.
System memory in use after: 142.9 MB.

Unloading 21 unused Assets to reduce memory usage. Loaded Objects now: 3904.
Total: 19.081400 ms (FindLiveObjects: 1.521900 ms CreateObjectMapping: 1.270300 ms MarkObjects: 15.777800 ms  DeleteObjects: 0.498500 ms)

AssetImportParameters requested are different than current active one (requested -> active):
  custom:framework-win-MediaFoundation: 216162199b28c13a410421893ffa2e32 -> 
  custom:video-decoder-ogg-theora: a1e56fd34408186e4bbccfd4996cb3dc -> 
  custom:container-muxer-webm: aa71ff27fc2769a1b78a27578f13a17b -> 
  custom:container-demuxer-webm: 4f35f7cbe854078d1ac9338744f61a02 -> 
  custom:container-demuxer-ogg: 62fdf1f143b41e24485cea50d1cbac27 -> 
  custom:video-encoder-webm-vp8: eb34c28f22e8b96e1ab97ce403110664 -> 
  custom:video-decoder-webm-vp8: 9c59270c3fd7afecdb556c50c9e8de78 -> 
  custom:graphics/normal-map-encoding: 01000000000000000000000000000000 -> 02000000000000000000000000000000
  custom:audio-decoder-ogg-vorbis: bf7c407c2cedff20999df2af8eb42d56 -> 
  custom:audio-encoder-webm-vorbis: bf7c407c2cedff20999df2af8eb42d56 -> 
========================================================================
Received Import Request.
  Time since last request: 115.527734 seconds.
  path: Assets/Ch09_nonPBR@Falling Idle.fbx
  artifactKey: Guid(0656db781510a9341a45c1f1049c780c) Importer(815301076,1909f56bfc062723c751e8b465ee728b)
Start importing Assets/Ch09_nonPBR@Falling Idle.fbx using Guid(0656db781510a9341a45c1f1049c780c) Importer(815301076,1909f56bfc062723c751e8b465ee728b)  -> (artifact id: 'c85436c67e70a94dcca89983cf68715f') in 0.222669 seconds 
========================================================================
Received Prepare
Registering precompiled user dll's ...
Registered in 0.021894 seconds.
Begin MonoManager ReloadAssembly
Native extension for WindowsStandalone target not found
Native extension for WebGL target not found
Refreshing native plugins compatible for Editor in 3.03 ms, found 3 plugins.
Preloading 0 native plugins for Editor in 0.00 ms.
Mono: successfully reloaded assembly
- Completed reload, in  7.600 seconds
Domain Reload Profiling:
	ReloadAssembly (7604ms)
		BeginReloadAssembly (1032ms)
			ExecutionOrderSort (0ms)
			DisableScriptedObjects (64ms)
			BackupInstance (0ms)
			ReleaseScriptingObjects (0ms)
			CreateAndSetChildDomain (277ms)
		EndReloadAssembly (5785ms)
			LoadAssemblies (1164ms)
			RebuildTransferFunctionScriptingTraits (0ms)
			SetupTypeCache (2001ms)
			ReleaseScriptCaches (6ms)
			RebuildScriptCaches (302ms)
			SetupLoadedEditorAssemblies (1866ms)
				LogAssemblyErrors (0ms)
				InitializePlatformSupportModulesInManaged (31ms)
				SetLoadedEditorAssemblies (3ms)
				RefreshPlugins (3ms)
				BeforeProcessingInitializeOnLoad (584ms)
				ProcessInitializeOnLoadAttributes (1127ms)
				ProcessInitializeOnLoadMethodAttributes (85ms)
				AfterProcessingInitializeOnLoad (31ms)
				EditorAssembliesLoaded (1ms)
			ExecutionOrderSort2 (0ms)
			AwakeInstancesAfterBackupRestoration (24ms)
Platform modules already initialized, skipping
Switching build target platform(19) subTarget(0) extendedPlatform(0) -> platform(13) subTarget(537395200) extendedPlatform(0)
Refreshing native plugins compatible for Editor in 3.04 ms, found 3 plugins.
Preloading 0 native plugins for Editor in 0.00 ms.
Unloading 3396 Unused Serialized files (Serialized files now loaded: 0)
System memory in use before: 142.8 MB.
System memory in use after: 142.9 MB.

Unloading 21 unused Assets to reduce memory usage. Loaded Objects now: 3907.
Total: 15.412500 ms (FindLiveObjects: 0.773700 ms CreateObjectMapping: 0.573300 ms MarkObjects: 13.562900 ms  DeleteObjects: 0.496700 ms)

AssetImportParameters requested are different than current active one (requested -> active):
  custom:framework-win-MediaFoundation: 216162199b28c13a410421893ffa2e32 -> 
  custom:video-decoder-ogg-theora: a1e56fd34408186e4bbccfd4996cb3dc -> 
  custom:container-muxer-webm: aa71ff27fc2769a1b78a27578f13a17b -> 
  custom:container-demuxer-webm: 4f35f7cbe854078d1ac9338744f61a02 -> 
  custom:container-demuxer-ogg: 62fdf1f143b41e24485cea50d1cbac27 -> 
  custom:video-encoder-webm-vp8: eb34c28f22e8b96e1ab97ce403110664 -> 
  custom:video-decoder-webm-vp8: 9c59270c3fd7afecdb556c50c9e8de78 -> 
  custom:graphics/normal-map-encoding: 01000000000000000000000000000000 -> 02000000000000000000000000000000
  custom:audio-decoder-ogg-vorbis: bf7c407c2cedff20999df2af8eb42d56 -> 
  custom:audio-encoder-webm-vorbis: bf7c407c2cedff20999df2af8eb42d56 -> 
AssetImportWorkerClient::OnTransportError - code=2 error=End of file
